<?xml version="1.0" encoding="UTF-8"?>
<!-- Generated by org.testng.reporters.JUnitReportReporter -->
<testsuite hostname="Dell" failures="0" tests="1" name="TestOrangeHRM.LoginPage_Test" time="3.076" errors="0" timestamp="2023-02-20T11:44:51 IST" skipped="0">
  <testcase classname="TestOrangeHRM.LoginPage_Test" name="login" time="3.076"/>
  <system-out/>
</testsuite> <!-- TestOrangeHRM.LoginPage_Test -->
